[debug] [2021-04-25T10:36:10.806Z] ----------------------------------------------------------------------
[debug] [2021-04-25T10:36:10.808Z] Command:       C:\Program Files\nodejs\node.exe C:\Users\akash\AppData\Roaming\npm\node_modules\firebase-tools\lib\bin\firebase.js deploy
[debug] [2021-04-25T10:36:10.809Z] CLI Version:   9.10.0
[debug] [2021-04-25T10:36:10.809Z] Platform:      win32
[debug] [2021-04-25T10:36:10.809Z] Node Version:  v15.12.0
[debug] [2021-04-25T10:36:10.810Z] Time:          Sun Apr 25 2021 16:06:10 GMT+0530 (India Standard Time)
[debug] [2021-04-25T10:36:10.810Z] ----------------------------------------------------------------------
[debug] 
[debug] [2021-04-25T10:36:10.819Z] > command requires scopes: ["email","openid","https://www.googleapis.com/auth/cloudplatformprojects.readonly","https://www.googleapis.com/auth/firebase","https://www.googleapis.com/auth/cloud-platform"]
[debug] [2021-04-25T10:36:10.819Z] > authorizing via signed-in user (sunder.akash2000@gmail.com)
[debug] [2021-04-25T10:36:10.819Z] [iam] checking project todoapp-8a179 for permissions ["firebase.projects.get","firebasehosting.sites.update"]
[debug] [2021-04-25T10:36:10.822Z] > refreshing access token with scopes: ["email","https://www.googleapis.com/auth/cloud-platform","https://www.googleapis.com/auth/cloudplatformprojects.readonly","https://www.googleapis.com/auth/firebase","openid"]
[debug] [2021-04-25T10:36:10.822Z] >>> HTTP REQUEST POST https://www.googleapis.com/oauth2/v3/token  
 <request body omitted>
[debug] [2021-04-25T10:36:12.646Z] <<< HTTP RESPONSE 200 {"date":"Sun, 25 Apr 2021 10:36:12 GMT","pragma":"no-cache","expires":"Mon, 01 Jan 1990 00:00:00 GMT","cache-control":"no-cache, no-store, max-age=0, must-revalidate","content-type":"application/json; charset=utf-8","vary":"X-Origin, Referer, Origin,Accept-Encoding","server":"scaffolding on HTTPServer2","x-xss-protection":"0","x-frame-options":"SAMEORIGIN","x-content-type-options":"nosniff","alt-svc":"h3-29=\":443\"; ma=2592000,h3-T051=\":443\"; ma=2592000,h3-Q050=\":443\"; ma=2592000,h3-Q046=\":443\"; ma=2592000,h3-Q043=\":443\"; ma=2592000,quic=\":443\"; ma=2592000; v=\"46,43\"","accept-ranges":"none","transfer-encoding":"chunked"}
[debug] [2021-04-25T10:36:12.743Z] >>> HTTP REQUEST POST https://cloudresourcemanager.googleapis.com/v1/projects/todoapp-8a179:testIamPermissions  
 {"permissions":["firebase.projects.get","firebasehosting.sites.update"]}
[debug] [2021-04-25T10:36:14.511Z] <<< HTTP RESPONSE 200 {"content-type":"application/json; charset=UTF-8","vary":"X-Origin, Referer, Origin,Accept-Encoding","date":"Sun, 25 Apr 2021 10:36:14 GMT","server":"ESF","cache-control":"private","x-xss-protection":"0","x-frame-options":"SAMEORIGIN","x-content-type-options":"nosniff","server-timing":"gfet4t7; dur=1154","alt-svc":"h3-29=\":443\"; ma=2592000,h3-T051=\":443\"; ma=2592000,h3-Q050=\":443\"; ma=2592000,h3-Q046=\":443\"; ma=2592000,h3-Q043=\":443\"; ma=2592000,quic=\":443\"; ma=2592000; v=\"46,43\"","accept-ranges":"none","transfer-encoding":"chunked"}
[debug] [2021-04-25T10:36:14.514Z] > refreshing access token with scopes: []
[debug] [2021-04-25T10:36:14.514Z] >>> HTTP REQUEST POST https://www.googleapis.com/oauth2/v3/token  
 <request body omitted>
[debug] [2021-04-25T10:36:14.819Z] <<< HTTP RESPONSE 200 {"date":"Sun, 25 Apr 2021 10:36:14 GMT","cache-control":"no-cache, no-store, max-age=0, must-revalidate","expires":"Mon, 01 Jan 1990 00:00:00 GMT","pragma":"no-cache","content-type":"application/json; charset=utf-8","vary":"X-Origin, Referer, Origin,Accept-Encoding","server":"scaffolding on HTTPServer2","x-xss-protection":"0","x-frame-options":"SAMEORIGIN","x-content-type-options":"nosniff","alt-svc":"h3-29=\":443\"; ma=2592000,h3-T051=\":443\"; ma=2592000,h3-Q050=\":443\"; ma=2592000,h3-Q046=\":443\"; ma=2592000,h3-Q043=\":443\"; ma=2592000,quic=\":443\"; ma=2592000; v=\"46,43\"","accept-ranges":"none","transfer-encoding":"chunked"}
[debug] [2021-04-25T10:36:15.289Z] >>> [apiv2][query] GET https://firebase.googleapis.com/v1beta1/projects/todoapp-8a179 [none]
[debug] [2021-04-25T10:36:16.026Z] <<< [apiv2][status] GET https://firebase.googleapis.com/v1beta1/projects/todoapp-8a179 200
[debug] [2021-04-25T10:36:16.026Z] <<< [apiv2][body] GET https://firebase.googleapis.com/v1beta1/projects/todoapp-8a179 {"projectId":"todoapp-8a179","projectNumber":"496429783512","displayName":"todoapp","name":"projects/todoapp-8a179","resources":{"hostingSite":"todoapp-8a179","storageBucket":"todoapp-8a179.appspot.com","locationId":"us-central"},"state":"ACTIVE"}
[info] 
[info] === Deploying to 'todoapp-8a179'...
[info] 
[info] i  deploying hosting 
[debug] [2021-04-25T10:36:16.036Z] > refreshing access token with scopes: ["email","https://www.googleapis.com/auth/cloud-platform","https://www.googleapis.com/auth/cloudplatformprojects.readonly","https://www.googleapis.com/auth/firebase","openid"]
[debug] [2021-04-25T10:36:16.036Z] >>> HTTP REQUEST POST https://www.googleapis.com/oauth2/v3/token  
 <request body omitted>
[debug] [2021-04-25T10:36:16.378Z] <<< HTTP RESPONSE 200 {"cache-control":"no-cache, no-store, max-age=0, must-revalidate","expires":"Mon, 01 Jan 1990 00:00:00 GMT","date":"Sun, 25 Apr 2021 10:36:16 GMT","pragma":"no-cache","content-type":"application/json; charset=utf-8","vary":"X-Origin, Referer, Origin,Accept-Encoding","server":"scaffolding on HTTPServer2","x-xss-protection":"0","x-frame-options":"SAMEORIGIN","x-content-type-options":"nosniff","alt-svc":"h3-29=\":443\"; ma=2592000,h3-T051=\":443\"; ma=2592000,h3-Q050=\":443\"; ma=2592000,h3-Q046=\":443\"; ma=2592000,h3-Q043=\":443\"; ma=2592000,quic=\":443\"; ma=2592000; v=\"46,43\"","accept-ranges":"none","transfer-encoding":"chunked"}
[debug] [2021-04-25T10:36:16.856Z] >>> HTTP REQUEST POST https://firebasehosting.googleapis.com/v1beta1/sites/todoapp-8a179/versions  
 {"config":{},"labels":{"deployment-tool":"cli-firebase"}}
[debug] [2021-04-25T10:36:20.208Z] <<< HTTP RESPONSE 200 {"content-type":"application/json; charset=UTF-8","vary":"X-Origin, Referer, Origin,Accept-Encoding","date":"Sun, 25 Apr 2021 10:36:20 GMT","server":"ESF","cache-control":"private","x-xss-protection":"0","x-frame-options":"SAMEORIGIN","x-content-type-options":"nosniff","alt-svc":"h3-29=\":443\"; ma=2592000,h3-T051=\":443\"; ma=2592000,h3-Q050=\":443\"; ma=2592000,h3-Q046=\":443\"; ma=2592000,h3-Q043=\":443\"; ma=2592000,quic=\":443\"; ma=2592000; v=\"46,43\"","accept-ranges":"none","transfer-encoding":"chunked"}
[info] i  hosting[todoapp-8a179]: beginning deploy... 
[info] i  hosting[todoapp-8a179]: found 16 files in build 
[debug] [2021-04-25T10:36:20.225Z] [hosting] hash cache [YnVpbGQ] not populated
[debug] [2021-04-25T10:36:21.063Z] > refreshing access token with scopes: []
[debug] [2021-04-25T10:36:21.064Z] >>> HTTP REQUEST POST https://www.googleapis.com/oauth2/v3/token  
 <request body omitted>
[debug] [2021-04-25T10:36:21.065Z] [hosting] hash cache [YnVpbGQ] stored for 16 files
[debug] [2021-04-25T10:36:21.066Z] [hosting][hash queue][FINAL] {"max":834,"min":30,"avg":109.625,"active":0,"complete":16,"success":16,"errored":0,"retried":0,"total":16,"elapsed":841}
[debug] [2021-04-25T10:36:21.415Z] <<< HTTP RESPONSE 200 {"expires":"Mon, 01 Jan 1990 00:00:00 GMT","cache-control":"no-cache, no-store, max-age=0, must-revalidate","pragma":"no-cache","date":"Sun, 25 Apr 2021 10:36:21 GMT","content-type":"application/json; charset=utf-8","vary":"X-Origin, Referer, Origin,Accept-Encoding","server":"scaffolding on HTTPServer2","x-xss-protection":"0","x-frame-options":"SAMEORIGIN","x-content-type-options":"nosniff","alt-svc":"h3-29=\":443\"; ma=2592000,h3-T051=\":443\"; ma=2592000,h3-Q050=\":443\"; ma=2592000,h3-Q046=\":443\"; ma=2592000,h3-Q043=\":443\"; ma=2592000,quic=\":443\"; ma=2592000; v=\"46,43\"","accept-ranges":"none","transfer-encoding":"chunked"}
[debug] [2021-04-25T10:36:21.560Z] >>> [apiv2][query] POST https://firebasehosting.googleapis.com/v1beta1/sites/todoapp-8a179/versions/d3f7d44637a9f3c4:populateFiles [none]
[debug] [2021-04-25T10:36:21.561Z] >>> [apiv2][body] POST https://firebasehosting.googleapis.com/v1beta1/sites/todoapp-8a179/versions/d3f7d44637a9f3c4:populateFiles {"files":{"/asset-manifest.json":"9637ad4614381c2dbd4e2d28b88f9c09c8cdb07b0a786d08571b9521940f4aa1","/index.html":"90e2e062115038a60f6fdff640e5cd5bc76e0b14f11a8a282effdab2f46e96f4","/manifest.json":"aff3449bdc238776f5d6d967f19ec491b36aed5fb7f23ccff6500736fd58494a","/robots.txt":"bfe106a3fb878dc83461c86818bf74fc1bdc7f28538ba613cd3e775516ce8b49","/static/css/main.1ea550e6.chunk.css":"e289ccecc0f8f260629bf91cf4f453c412f45e6e7ad1b84198ae3f77671bceb3","/static/css/main.1ea550e6.chunk.css.map":"a231172c38074225d68ec2ee7ce2091cdb800083303192d18b06b7d4d8ee20df","/static/js/2.3aa86292.chunk.js.LICENSE.txt":"3d5b6b314fd0c8069297161e80277b54b339843de3163d1c36db64c66c6c30da","/static/js/main.435f27a7.chunk.js":"85c224af0f0664241e6708126ff69e32b881ce6d67d8ffcc43be581755bc6ed9","/static/js/main.435f27a7.chunk.js.map":"8e665d8b023d461ab4a83d17c178e46b593e1a16b88162896c0d147e3c032b3e","/static/js/runtime-main.4f9a4c44.js":"296e5759b494d8fed33c4aea6202ab3f30914f7d735e850e32196ebaa49f2a71","/static/js/runtime-main.4f9a4c44.js.map":"1b5348cc1ee0fad7044a4cd1a7feacbd1d9119ea7835b272ef409a887a08ca86","/logo192.png":"3ee59515172ee198f3be375979df15ac5345183e656720a381b8872b2a39dc8b","/favicon.ico":"eae62e993eb980ec8a25058c39d5a51feab118bd2100c4deebb2a9c158ec11f9","/logo512.png":"ee7e2f3fdb8209c4b6fd7bef6ba50d1b9dba30a25bb5c3126df057e1cb6f5331","/static/js/2.3aa86292.chunk.js":"710945dc6ad4aaab973b143ec5a98860d0149a64924f36643fab872cd4a1ec4d","/static/js/2.3aa86292.chunk.js.map":"b61d57422171fdef306edd52789d5386e56458ca42731c12ea1ce9c7d6d18a3b"}}
[debug] [2021-04-25T10:36:23.288Z] <<< [apiv2][status] POST https://firebasehosting.googleapis.com/v1beta1/sites/todoapp-8a179/versions/d3f7d44637a9f3c4:populateFiles 200
[debug] [2021-04-25T10:36:23.289Z] <<< [apiv2][body] POST https://firebasehosting.googleapis.com/v1beta1/sites/todoapp-8a179/versions/d3f7d44637a9f3c4:populateFiles {"uploadRequiredHashes":["eae62e993eb980ec8a25058c39d5a51feab118bd2100c4deebb2a9c158ec11f9","85c224af0f0664241e6708126ff69e32b881ce6d67d8ffcc43be581755bc6ed9","aff3449bdc238776f5d6d967f19ec491b36aed5fb7f23ccff6500736fd58494a","1b5348cc1ee0fad7044a4cd1a7feacbd1d9119ea7835b272ef409a887a08ca86","3d5b6b314fd0c8069297161e80277b54b339843de3163d1c36db64c66c6c30da","a231172c38074225d68ec2ee7ce2091cdb800083303192d18b06b7d4d8ee20df","b61d57422171fdef306edd52789d5386e56458ca42731c12ea1ce9c7d6d18a3b","3ee59515172ee198f3be375979df15ac5345183e656720a381b8872b2a39dc8b","90e2e062115038a60f6fdff640e5cd5bc76e0b14f11a8a282effdab2f46e96f4","710945dc6ad4aaab973b143ec5a98860d0149a64924f36643fab872cd4a1ec4d","e289ccecc0f8f260629bf91cf4f453c412f45e6e7ad1b84198ae3f77671bceb3","296e5759b494d8fed33c4aea6202ab3f30914f7d735e850e32196ebaa49f2a71","8e665d8b023d461ab4a83d17c178e46b593e1a16b88162896c0d147e3c032b3e","9637ad4614381c2dbd4e2d28b88f9c09c8cdb07b0a786d08571b9521940f4aa1","bfe106a3fb878dc83461c86818bf74fc1bdc7f28538ba613cd3e775516ce8b49","ee7e2f3fdb8209c4b6fd7bef6ba50d1b9dba30a25bb5c3126df057e1cb6f5331"],"uploadUrl":"https://upload-firebasehosting.googleapis.com/upload/sites/todoapp-8a179/versions/d3f7d44637a9f3c4/files"}
[debug] [2021-04-25T10:36:23.292Z] >>> [apiv2][query] POST https://upload-firebasehosting.googleapis.com/upload/sites/todoapp-8a179/versions/d3f7d44637a9f3c4/files/eae62e993eb980ec8a25058c39d5a51feab118bd2100c4deebb2a9c158ec11f9 [none]
[debug] [2021-04-25T10:36:23.292Z] >>> [apiv2][body] POST https://upload-firebasehosting.googleapis.com/upload/sites/todoapp-8a179/versions/d3f7d44637a9f3c4/files/eae62e993eb980ec8a25058c39d5a51feab118bd2100c4deebb2a9c158ec11f9 [stream]
[debug] [2021-04-25T10:36:23.293Z] >>> [apiv2][query] POST https://upload-firebasehosting.googleapis.com/upload/sites/todoapp-8a179/versions/d3f7d44637a9f3c4/files/85c224af0f0664241e6708126ff69e32b881ce6d67d8ffcc43be581755bc6ed9 [none]
[debug] [2021-04-25T10:36:23.293Z] >>> [apiv2][body] POST https://upload-firebasehosting.googleapis.com/upload/sites/todoapp-8a179/versions/d3f7d44637a9f3c4/files/85c224af0f0664241e6708126ff69e32b881ce6d67d8ffcc43be581755bc6ed9 [stream]
[debug] [2021-04-25T10:36:23.294Z] >>> [apiv2][query] POST https://upload-firebasehosting.googleapis.com/upload/sites/todoapp-8a179/versions/d3f7d44637a9f3c4/files/aff3449bdc238776f5d6d967f19ec491b36aed5fb7f23ccff6500736fd58494a [none]
[debug] [2021-04-25T10:36:23.294Z] >>> [apiv2][body] POST https://upload-firebasehosting.googleapis.com/upload/sites/todoapp-8a179/versions/d3f7d44637a9f3c4/files/aff3449bdc238776f5d6d967f19ec491b36aed5fb7f23ccff6500736fd58494a [stream]
[debug] [2021-04-25T10:36:23.295Z] >>> [apiv2][query] POST https://upload-firebasehosting.googleapis.com/upload/sites/todoapp-8a179/versions/d3f7d44637a9f3c4/files/1b5348cc1ee0fad7044a4cd1a7feacbd1d9119ea7835b272ef409a887a08ca86 [none]
[debug] [2021-04-25T10:36:23.295Z] >>> [apiv2][body] POST https://upload-firebasehosting.googleapis.com/upload/sites/todoapp-8a179/versions/d3f7d44637a9f3c4/files/1b5348cc1ee0fad7044a4cd1a7feacbd1d9119ea7835b272ef409a887a08ca86 [stream]
[debug] [2021-04-25T10:36:23.298Z] >>> [apiv2][query] POST https://upload-firebasehosting.googleapis.com/upload/sites/todoapp-8a179/versions/d3f7d44637a9f3c4/files/3d5b6b314fd0c8069297161e80277b54b339843de3163d1c36db64c66c6c30da [none]
[debug] [2021-04-25T10:36:23.298Z] >>> [apiv2][body] POST https://upload-firebasehosting.googleapis.com/upload/sites/todoapp-8a179/versions/d3f7d44637a9f3c4/files/3d5b6b314fd0c8069297161e80277b54b339843de3163d1c36db64c66c6c30da [stream]
[debug] [2021-04-25T10:36:23.299Z] >>> [apiv2][query] POST https://upload-firebasehosting.googleapis.com/upload/sites/todoapp-8a179/versions/d3f7d44637a9f3c4/files/a231172c38074225d68ec2ee7ce2091cdb800083303192d18b06b7d4d8ee20df [none]
[debug] [2021-04-25T10:36:23.299Z] >>> [apiv2][body] POST https://upload-firebasehosting.googleapis.com/upload/sites/todoapp-8a179/versions/d3f7d44637a9f3c4/files/a231172c38074225d68ec2ee7ce2091cdb800083303192d18b06b7d4d8ee20df [stream]
[debug] [2021-04-25T10:36:23.299Z] >>> [apiv2][query] POST https://upload-firebasehosting.googleapis.com/upload/sites/todoapp-8a179/versions/d3f7d44637a9f3c4/files/b61d57422171fdef306edd52789d5386e56458ca42731c12ea1ce9c7d6d18a3b [none]
[debug] [2021-04-25T10:36:23.300Z] >>> [apiv2][body] POST https://upload-firebasehosting.googleapis.com/upload/sites/todoapp-8a179/versions/d3f7d44637a9f3c4/files/b61d57422171fdef306edd52789d5386e56458ca42731c12ea1ce9c7d6d18a3b [stream]
[debug] [2021-04-25T10:36:23.300Z] >>> [apiv2][query] POST https://upload-firebasehosting.googleapis.com/upload/sites/todoapp-8a179/versions/d3f7d44637a9f3c4/files/3ee59515172ee198f3be375979df15ac5345183e656720a381b8872b2a39dc8b [none]
[debug] [2021-04-25T10:36:23.300Z] >>> [apiv2][body] POST https://upload-firebasehosting.googleapis.com/upload/sites/todoapp-8a179/versions/d3f7d44637a9f3c4/files/3ee59515172ee198f3be375979df15ac5345183e656720a381b8872b2a39dc8b [stream]
[debug] [2021-04-25T10:36:23.301Z] >>> [apiv2][query] POST https://upload-firebasehosting.googleapis.com/upload/sites/todoapp-8a179/versions/d3f7d44637a9f3c4/files/90e2e062115038a60f6fdff640e5cd5bc76e0b14f11a8a282effdab2f46e96f4 [none]
[debug] [2021-04-25T10:36:23.301Z] >>> [apiv2][body] POST https://upload-firebasehosting.googleapis.com/upload/sites/todoapp-8a179/versions/d3f7d44637a9f3c4/files/90e2e062115038a60f6fdff640e5cd5bc76e0b14f11a8a282effdab2f46e96f4 [stream]
[debug] [2021-04-25T10:36:23.302Z] >>> [apiv2][query] POST https://upload-firebasehosting.googleapis.com/upload/sites/todoapp-8a179/versions/d3f7d44637a9f3c4/files/710945dc6ad4aaab973b143ec5a98860d0149a64924f36643fab872cd4a1ec4d [none]
[debug] [2021-04-25T10:36:23.302Z] >>> [apiv2][body] POST https://upload-firebasehosting.googleapis.com/upload/sites/todoapp-8a179/versions/d3f7d44637a9f3c4/files/710945dc6ad4aaab973b143ec5a98860d0149a64924f36643fab872cd4a1ec4d [stream]
[debug] [2021-04-25T10:36:23.302Z] >>> [apiv2][query] POST https://upload-firebasehosting.googleapis.com/upload/sites/todoapp-8a179/versions/d3f7d44637a9f3c4/files/e289ccecc0f8f260629bf91cf4f453c412f45e6e7ad1b84198ae3f77671bceb3 [none]
[debug] [2021-04-25T10:36:23.302Z] >>> [apiv2][body] POST https://upload-firebasehosting.googleapis.com/upload/sites/todoapp-8a179/versions/d3f7d44637a9f3c4/files/e289ccecc0f8f260629bf91cf4f453c412f45e6e7ad1b84198ae3f77671bceb3 [stream]
[debug] [2021-04-25T10:36:23.303Z] >>> [apiv2][query] POST https://upload-firebasehosting.googleapis.com/upload/sites/todoapp-8a179/versions/d3f7d44637a9f3c4/files/296e5759b494d8fed33c4aea6202ab3f30914f7d735e850e32196ebaa49f2a71 [none]
[debug] [2021-04-25T10:36:23.303Z] >>> [apiv2][body] POST https://upload-firebasehosting.googleapis.com/upload/sites/todoapp-8a179/versions/d3f7d44637a9f3c4/files/296e5759b494d8fed33c4aea6202ab3f30914f7d735e850e32196ebaa49f2a71 [stream]
[debug] [2021-04-25T10:36:23.304Z] >>> [apiv2][query] POST https://upload-firebasehosting.googleapis.com/upload/sites/todoapp-8a179/versions/d3f7d44637a9f3c4/files/8e665d8b023d461ab4a83d17c178e46b593e1a16b88162896c0d147e3c032b3e [none]
[debug] [2021-04-25T10:36:23.304Z] >>> [apiv2][body] POST https://upload-firebasehosting.googleapis.com/upload/sites/todoapp-8a179/versions/d3f7d44637a9f3c4/files/8e665d8b023d461ab4a83d17c178e46b593e1a16b88162896c0d147e3c032b3e [stream]
[debug] [2021-04-25T10:36:23.305Z] >>> [apiv2][query] POST https://upload-firebasehosting.googleapis.com/upload/sites/todoapp-8a179/versions/d3f7d44637a9f3c4/files/9637ad4614381c2dbd4e2d28b88f9c09c8cdb07b0a786d08571b9521940f4aa1 [none]
[debug] [2021-04-25T10:36:23.305Z] >>> [apiv2][body] POST https://upload-firebasehosting.googleapis.com/upload/sites/todoapp-8a179/versions/d3f7d44637a9f3c4/files/9637ad4614381c2dbd4e2d28b88f9c09c8cdb07b0a786d08571b9521940f4aa1 [stream]
[debug] [2021-04-25T10:36:23.305Z] >>> [apiv2][query] POST https://upload-firebasehosting.googleapis.com/upload/sites/todoapp-8a179/versions/d3f7d44637a9f3c4/files/bfe106a3fb878dc83461c86818bf74fc1bdc7f28538ba613cd3e775516ce8b49 [none]
[debug] [2021-04-25T10:36:23.305Z] >>> [apiv2][body] POST https://upload-firebasehosting.googleapis.com/upload/sites/todoapp-8a179/versions/d3f7d44637a9f3c4/files/bfe106a3fb878dc83461c86818bf74fc1bdc7f28538ba613cd3e775516ce8b49 [stream]
[debug] [2021-04-25T10:36:23.306Z] >>> [apiv2][query] POST https://upload-firebasehosting.googleapis.com/upload/sites/todoapp-8a179/versions/d3f7d44637a9f3c4/files/ee7e2f3fdb8209c4b6fd7bef6ba50d1b9dba30a25bb5c3126df057e1cb6f5331 [none]
[debug] [2021-04-25T10:36:23.306Z] >>> [apiv2][body] POST https://upload-firebasehosting.googleapis.com/upload/sites/todoapp-8a179/versions/d3f7d44637a9f3c4/files/ee7e2f3fdb8209c4b6fd7bef6ba50d1b9dba30a25bb5c3126df057e1cb6f5331 [stream]
[debug] [2021-04-25T10:36:23.307Z] [hosting][populate queue][FINAL] {"max":2229,"min":2229,"avg":2229,"active":0,"complete":1,"success":1,"errored":0,"retried":0,"total":1,"elapsed":2244}
[debug] [2021-04-25T10:36:23.307Z] [hosting] uploads queued: 16
[debug] [2021-04-25T10:36:28.241Z] <<< [apiv2][status] POST https://upload-firebasehosting.googleapis.com/upload/sites/todoapp-8a179/versions/d3f7d44637a9f3c4/files/eae62e993eb980ec8a25058c39d5a51feab118bd2100c4deebb2a9c158ec11f9 200
[debug] [2021-04-25T10:36:28.242Z] <<< [apiv2][body] POST https://upload-firebasehosting.googleapis.com/upload/sites/todoapp-8a179/versions/d3f7d44637a9f3c4/files/eae62e993eb980ec8a25058c39d5a51feab118bd2100c4deebb2a9c158ec11f9 [stream]
[debug] [2021-04-25T10:36:28.272Z] <<< [apiv2][status] POST https://upload-firebasehosting.googleapis.com/upload/sites/todoapp-8a179/versions/d3f7d44637a9f3c4/files/3ee59515172ee198f3be375979df15ac5345183e656720a381b8872b2a39dc8b 200
[debug] [2021-04-25T10:36:28.272Z] <<< [apiv2][body] POST https://upload-firebasehosting.googleapis.com/upload/sites/todoapp-8a179/versions/d3f7d44637a9f3c4/files/3ee59515172ee198f3be375979df15ac5345183e656720a381b8872b2a39dc8b [stream]
[debug] [2021-04-25T10:36:28.375Z] <<< [apiv2][status] POST https://upload-firebasehosting.googleapis.com/upload/sites/todoapp-8a179/versions/d3f7d44637a9f3c4/files/1b5348cc1ee0fad7044a4cd1a7feacbd1d9119ea7835b272ef409a887a08ca86 200
[debug] [2021-04-25T10:36:28.376Z] <<< [apiv2][body] POST https://upload-firebasehosting.googleapis.com/upload/sites/todoapp-8a179/versions/d3f7d44637a9f3c4/files/1b5348cc1ee0fad7044a4cd1a7feacbd1d9119ea7835b272ef409a887a08ca86 [stream]
[debug] [2021-04-25T10:36:28.471Z] <<< [apiv2][status] POST https://upload-firebasehosting.googleapis.com/upload/sites/todoapp-8a179/versions/d3f7d44637a9f3c4/files/a231172c38074225d68ec2ee7ce2091cdb800083303192d18b06b7d4d8ee20df 200
[debug] [2021-04-25T10:36:28.472Z] <<< [apiv2][body] POST https://upload-firebasehosting.googleapis.com/upload/sites/todoapp-8a179/versions/d3f7d44637a9f3c4/files/a231172c38074225d68ec2ee7ce2091cdb800083303192d18b06b7d4d8ee20df [stream]
[debug] [2021-04-25T10:36:28.770Z] <<< [apiv2][status] POST https://upload-firebasehosting.googleapis.com/upload/sites/todoapp-8a179/versions/d3f7d44637a9f3c4/files/85c224af0f0664241e6708126ff69e32b881ce6d67d8ffcc43be581755bc6ed9 200
[debug] [2021-04-25T10:36:28.771Z] <<< [apiv2][body] POST https://upload-firebasehosting.googleapis.com/upload/sites/todoapp-8a179/versions/d3f7d44637a9f3c4/files/85c224af0f0664241e6708126ff69e32b881ce6d67d8ffcc43be581755bc6ed9 [stream]
[debug] [2021-04-25T10:36:28.974Z] <<< [apiv2][status] POST https://upload-firebasehosting.googleapis.com/upload/sites/todoapp-8a179/versions/d3f7d44637a9f3c4/files/aff3449bdc238776f5d6d967f19ec491b36aed5fb7f23ccff6500736fd58494a 200
[debug] [2021-04-25T10:36:28.974Z] <<< [apiv2][body] POST https://upload-firebasehosting.googleapis.com/upload/sites/todoapp-8a179/versions/d3f7d44637a9f3c4/files/aff3449bdc238776f5d6d967f19ec491b36aed5fb7f23ccff6500736fd58494a [stream]
[debug] [2021-04-25T10:36:29.031Z] <<< [apiv2][status] POST https://upload-firebasehosting.googleapis.com/upload/sites/todoapp-8a179/versions/d3f7d44637a9f3c4/files/e289ccecc0f8f260629bf91cf4f453c412f45e6e7ad1b84198ae3f77671bceb3 200
[debug] [2021-04-25T10:36:29.032Z] <<< [apiv2][body] POST https://upload-firebasehosting.googleapis.com/upload/sites/todoapp-8a179/versions/d3f7d44637a9f3c4/files/e289ccecc0f8f260629bf91cf4f453c412f45e6e7ad1b84198ae3f77671bceb3 [stream]
[debug] [2021-04-25T10:36:29.510Z] <<< [apiv2][status] POST https://upload-firebasehosting.googleapis.com/upload/sites/todoapp-8a179/versions/d3f7d44637a9f3c4/files/9637ad4614381c2dbd4e2d28b88f9c09c8cdb07b0a786d08571b9521940f4aa1 200
[debug] [2021-04-25T10:36:29.510Z] <<< [apiv2][body] POST https://upload-firebasehosting.googleapis.com/upload/sites/todoapp-8a179/versions/d3f7d44637a9f3c4/files/9637ad4614381c2dbd4e2d28b88f9c09c8cdb07b0a786d08571b9521940f4aa1 [stream]
[debug] [2021-04-25T10:36:30.151Z] <<< [apiv2][status] POST https://upload-firebasehosting.googleapis.com/upload/sites/todoapp-8a179/versions/d3f7d44637a9f3c4/files/3d5b6b314fd0c8069297161e80277b54b339843de3163d1c36db64c66c6c30da 200
[debug] [2021-04-25T10:36:30.151Z] <<< [apiv2][body] POST https://upload-firebasehosting.googleapis.com/upload/sites/todoapp-8a179/versions/d3f7d44637a9f3c4/files/3d5b6b314fd0c8069297161e80277b54b339843de3163d1c36db64c66c6c30da [stream]
[debug] [2021-04-25T10:36:30.372Z] <<< [apiv2][status] POST https://upload-firebasehosting.googleapis.com/upload/sites/todoapp-8a179/versions/d3f7d44637a9f3c4/files/90e2e062115038a60f6fdff640e5cd5bc76e0b14f11a8a282effdab2f46e96f4 200
[debug] [2021-04-25T10:36:30.373Z] <<< [apiv2][body] POST https://upload-firebasehosting.googleapis.com/upload/sites/todoapp-8a179/versions/d3f7d44637a9f3c4/files/90e2e062115038a60f6fdff640e5cd5bc76e0b14f11a8a282effdab2f46e96f4 [stream]
[debug] [2021-04-25T10:36:30.590Z] <<< [apiv2][status] POST https://upload-firebasehosting.googleapis.com/upload/sites/todoapp-8a179/versions/d3f7d44637a9f3c4/files/bfe106a3fb878dc83461c86818bf74fc1bdc7f28538ba613cd3e775516ce8b49 200
[debug] [2021-04-25T10:36:30.590Z] <<< [apiv2][body] POST https://upload-firebasehosting.googleapis.com/upload/sites/todoapp-8a179/versions/d3f7d44637a9f3c4/files/bfe106a3fb878dc83461c86818bf74fc1bdc7f28538ba613cd3e775516ce8b49 [stream]
[debug] [2021-04-25T10:36:31.970Z] <<< [apiv2][status] POST https://upload-firebasehosting.googleapis.com/upload/sites/todoapp-8a179/versions/d3f7d44637a9f3c4/files/8e665d8b023d461ab4a83d17c178e46b593e1a16b88162896c0d147e3c032b3e 200
[debug] [2021-04-25T10:36:31.970Z] <<< [apiv2][body] POST https://upload-firebasehosting.googleapis.com/upload/sites/todoapp-8a179/versions/d3f7d44637a9f3c4/files/8e665d8b023d461ab4a83d17c178e46b593e1a16b88162896c0d147e3c032b3e [stream]
[debug] [2021-04-25T10:36:31.973Z] <<< [apiv2][status] POST https://upload-firebasehosting.googleapis.com/upload/sites/todoapp-8a179/versions/d3f7d44637a9f3c4/files/296e5759b494d8fed33c4aea6202ab3f30914f7d735e850e32196ebaa49f2a71 200
[debug] [2021-04-25T10:36:31.973Z] <<< [apiv2][body] POST https://upload-firebasehosting.googleapis.com/upload/sites/todoapp-8a179/versions/d3f7d44637a9f3c4/files/296e5759b494d8fed33c4aea6202ab3f30914f7d735e850e32196ebaa49f2a71 [stream]
[debug] [2021-04-25T10:36:32.358Z] <<< [apiv2][status] POST https://upload-firebasehosting.googleapis.com/upload/sites/todoapp-8a179/versions/d3f7d44637a9f3c4/files/ee7e2f3fdb8209c4b6fd7bef6ba50d1b9dba30a25bb5c3126df057e1cb6f5331 200
[debug] [2021-04-25T10:36:32.359Z] <<< [apiv2][body] POST https://upload-firebasehosting.googleapis.com/upload/sites/todoapp-8a179/versions/d3f7d44637a9f3c4/files/ee7e2f3fdb8209c4b6fd7bef6ba50d1b9dba30a25bb5c3126df057e1cb6f5331 [stream]
[debug] [2021-04-25T10:36:53.723Z] [uploadQueue] Retrying task 710945dc6ad4aaab973b143ec5a98860d0149a64924f36643fab872cd4a1ec4d
[debug] [2021-04-25T10:36:53.725Z] >>> [apiv2][query] POST https://upload-firebasehosting.googleapis.com/upload/sites/todoapp-8a179/versions/d3f7d44637a9f3c4/files/710945dc6ad4aaab973b143ec5a98860d0149a64924f36643fab872cd4a1ec4d [none]
[debug] [2021-04-25T10:36:53.725Z] >>> [apiv2][body] POST https://upload-firebasehosting.googleapis.com/upload/sites/todoapp-8a179/versions/d3f7d44637a9f3c4/files/710945dc6ad4aaab973b143ec5a98860d0149a64924f36643fab872cd4a1ec4d [stream]
